<?xml version="1.0" encoding="UTF-8"?>
<!-- Generated by org.testng.reporters.JUnitReportReporter -->
<testsuite hostname="Dimal_ROG" failures="0" tests="2" name="Test.DonorCRUDTest" time="0.215" errors="0" timestamp="2024-04-29T22:42:06 GST" skipped="0">
  <testcase classname="Test.DonorCRUDTest" name="testGetDonor" time="0.208"/>
  <testcase classname="Test.DonorCRUDTest" name="testNicUsed" time="0.007"/>
</testsuite> <!-- Test.DonorCRUDTest -->
