<?xml version="1.0" encoding="UTF-8"?>
<!-- Generated by org.testng.reporters.JUnitReportReporter -->
<testsuite hostname="Dimal_ROG" failures="0" tests="3" name="Test.LoginTest" time="0.518" errors="0" timestamp="2024-04-29T22:37:03 GST" skipped="0">
  <testcase classname="Test.LoginTest" name="testgetDonorType" time="0.008"/>
  <testcase classname="Test.LoginTest" name="testLogin" time="0.502"/>
  <testcase classname="Test.LoginTest" name="testgetAdminType" time="0.008"/>
</testsuite> <!-- Test.LoginTest -->
